#
# There is insufficient memory for the Java Runtime Environment to continue.
# Native memory allocation (mmap) failed to map 65536 bytes for Failed to commit metaspace.
# Possible reasons:
#   The system is out of physical RAM or swap space
#   The process is running with CompressedOops enabled, and the Java Heap may be blocking the growth of the native heap
# Possible solutions:
#   Reduce memory load on the system
#   Increase physical memory or swap space
#   Check if swap backing store is full
#   Decrease Java heap size (-Xmx/-Xms)
#   Decrease number of Java threads
#   Decrease Java thread stack sizes (-Xss)
#   Set larger code cache with -XX:ReservedCodeCacheSize=
#   JVM is running with Zero Based Compressed Oops mode in which the Java heap is
#     placed in the first 32GB address space. The Java Heap base address is the
#     maximum limit for the native heap growth. Please use -XX:HeapBaseMinAddress
#     to set the Java Heap base and to place the Java Heap above 32GB virtual address.
# This output file may be truncated or incomplete.
#
#  Out of Memory Error (virtualSpaceNode.cpp:110), pid=9592, tid=12280
#
# JRE version: OpenJDK Runtime Environment Corretto-17.0.7.7.1 (17.0.7+7) (build 17.0.7+7-LTS)
# Java VM: OpenJDK 64-Bit Server VM Corretto-17.0.7.7.1 (17.0.7+7-LTS, mixed mode, emulated-client, sharing, tiered, compressed oops, compressed class ptrs, g1 gc, windows-amd64)
# No core dump will be written. Minidumps are not enabled by default on client versions of Windows
#

---------------  S U M M A R Y ------------

Command Line: -XX:TieredStopAtLevel=1 -Dspring.output.ansi.enabled=always -Dcom.sun.management.jmxremote -Dspring.jmx.enabled=true -Dspring.liveBeansView.mbeanDomain -Dspring.application.admin.enabled=true -Dmanagement.endpoints.jmx.exposure.include=* -javaagent:C:\Program Files\JetBrains\IntelliJ IDEA 2023.1.2\lib\idea_rt.jar=63517:C:\Program Files\JetBrains\IntelliJ IDEA 2023.1.2\bin -Dfile.encoding=UTF-8 pe.edu.upc.simulacrofinal.SimulacroFinalApplication

Host: Intel(R) Core(TM) i5-6500 CPU @ 3.20GHz, 4 cores, 15G,  Windows 10 , 64 bit Build 19041 (10.0.19041.3031)
Time: Sun Jul  2 22:20:36 2023 Hora est. Pacífico, Sudamérica elapsed time: 1.281624 seconds (0d 0h 0m 1s)

---------------  T H R E A D  ---------------

Current thread (0x00000272639b8020):  JavaThread "restartedMain" [_thread_in_vm, id=12280, stack(0x000000860a700000,0x000000860a800000)]

Stack: [0x000000860a700000,0x000000860a800000]
Native frames: (J=compiled Java code, j=interpreted, Vv=VM code, C=native code)
V  [jvm.dll+0x64b53a]
V  [jvm.dll+0x7fef54]
V  [jvm.dll+0x80070e]
V  [jvm.dll+0x800d63]
V  [jvm.dll+0x236a2b]
V  [jvm.dll+0x7fb02b]
V  [jvm.dll+0x5f27d6]
V  [jvm.dll+0x1b5f2e]
V  [jvm.dll+0x5f5024]
V  [jvm.dll+0x5f318d]
V  [jvm.dll+0x22c5a8]
V  [jvm.dll+0x1ded3e]
V  [jvm.dll+0x1d4ea9]
V  [jvm.dll+0x519cf0]
V  [jvm.dll+0x77d83d]
V  [jvm.dll+0x77d79a]
V  [jvm.dll+0x3f376f]
V  [jvm.dll+0x406d6e]
C  [java.dll+0x1657]

Java frames: (J=compiled Java code, j=interpreted, Vv=VM code)
j  java.lang.ClassLoader.defineClass0(Ljava/lang/ClassLoader;Ljava/lang/Class;Ljava/lang/String;[BIILjava/security/ProtectionDomain;ZILjava/lang/Object;)Ljava/lang/Class;+0 java.base@17.0.7
j  java.lang.System$2.defineClass(Ljava/lang/ClassLoader;Ljava/lang/Class;Ljava/lang/String;[BLjava/security/ProtectionDomain;ZILjava/lang/Object;)Ljava/lang/Class;+17 java.base@17.0.7
j  java.lang.invoke.MethodHandles$Lookup$ClassDefiner.defineClass(ZLjava/lang/Object;)Ljava/lang/Class;+54 java.base@17.0.7
j  java.lang.invoke.InvokerBytecodeGenerator.loadMethod([B)Ljava/lang/invoke/MemberName;+16 java.base@17.0.7
j  java.lang.invoke.InvokerBytecodeGenerator.generateCustomizedCode(Ljava/lang/invoke/LambdaForm;Ljava/lang/invoke/MethodType;)Ljava/lang/invoke/MemberName;+30 java.base@17.0.7
j  java.lang.invoke.LambdaForm.compileToBytecode()V+69 java.base@17.0.7
j  java.lang.invoke.DirectMethodHandle.makePreparedLambdaForm(Ljava/lang/invoke/MethodType;I)Ljava/lang/invoke/LambdaForm;+792 java.base@17.0.7
J 1390 c1 java.lang.invoke.DirectMethodHandle.preparedLambdaForm(Ljava/lang/invoke/MemberName;Z)Ljava/lang/invoke/LambdaForm; java.base@17.0.7 (244 bytes) @ 0x000002724ff03aec [0x000002724ff03860+0x000000000000028c]
J 1441 c1 java.lang.invoke.DirectMethodHandle.make(BLjava/lang/Class;Ljava/lang/invoke/MemberName;Ljava/lang/Class;)Ljava/lang/invoke/DirectMethodHandle; java.base@17.0.7 (275 bytes) @ 0x000002724ff15db4 [0x000002724ff15800+0x00000000000005b4]
j  java.lang.invoke.MethodHandles$Lookup.getDirectMethodCommon(BLjava/lang/Class;Ljava/lang/invoke/MemberName;ZZLjava/lang/invoke/MethodHandles$Lookup;)Ljava/lang/invoke/MethodHandle;+210 java.base@17.0.7
j  java.lang.invoke.MethodHandles$Lookup.getDirectMethodNoSecurityManager(BLjava/lang/Class;Ljava/lang/invoke/MemberName;Ljava/lang/invoke/MethodHandles$Lookup;)Ljava/lang/invoke/MethodHandle;+14 java.base@17.0.7
j  java.lang.invoke.MethodHandles$Lookup.getDirectMethodForConstant(BLjava/lang/Class;Ljava/lang/invoke/MemberName;)Ljava/lang/invoke/MethodHandle;+31 java.base@17.0.7
J 1394 c1 java.lang.invoke.MethodHandles$Lookup.linkMethodHandleConstant(BLjava/lang/Class;Ljava/lang/String;Ljava/lang/Object;)Ljava/lang/invoke/MethodHandle; java.base@17.0.7 (223 bytes) @ 0x000002724ff05cec [0x000002724ff05700+0x00000000000005ec]
J 1393 c1 java.lang.invoke.MethodHandleNatives.linkMethodHandleConstant(Ljava/lang/Class;ILjava/lang/Class;Ljava/lang/String;Ljava/lang/Object;)Ljava/lang/invoke/MethodHandle; java.base@17.0.7 (50 bytes) @ 0x000002724ff0519c [0x000002724ff05140+0x000000000000005c]
v  ~StubRoutines::call_stub
j  org.springframework.boot.env.OriginTrackedPropertiesLoader.isNewDocument(Lorg/springframework/boot/env/OriginTrackedPropertiesLoader$CharacterReader;)Z+37
j  org.springframework.boot.env.OriginTrackedPropertiesLoader.load(Z)Ljava/util/List;+67
j  org.springframework.boot.env.OriginTrackedPropertiesLoader.load()Ljava/util/List;+2
j  org.springframework.boot.env.PropertiesPropertySourceLoader.loadProperties(Lorg/springframework/core/io/Resource;)Ljava/util/List;+50
j  org.springframework.boot.env.PropertiesPropertySourceLoader.load(Ljava/lang/String;Lorg/springframework/core/io/Resource;)Ljava/util/List;+2
j  org.springframework.boot.context.config.StandardConfigDataLoader.load(Lorg/springframework/boot/context/config/ConfigDataLoaderContext;Lorg/springframework/boot/context/config/StandardConfigDataResource;)Lorg/springframework/boot/context/config/ConfigData;+70
j  org.springframework.boot.context.config.StandardConfigDataLoader.load(Lorg/springframework/boot/context/config/ConfigDataLoaderContext;Lorg/springframework/boot/context/config/ConfigDataResource;)Lorg/springframework/boot/context/config/ConfigData;+6
j  org.springframework.boot.context.config.ConfigDataLoaders.load(Lorg/springframework/boot/context/config/ConfigDataLoaderContext;Lorg/springframework/boot/context/config/ConfigDataResource;)Lorg/springframework/boot/context/config/ConfigData;+29
j  org.springframework.boot.context.config.ConfigDataImporter.load(Lorg/springframework/boot/context/config/ConfigDataLoaderContext;Ljava/util/List;)Ljava/util/Map;+142
j  org.springframework.boot.context.config.ConfigDataImporter.resolveAndLoad(Lorg/springframework/boot/context/config/ConfigDataActivationContext;Lorg/springframework/boot/context/config/ConfigDataLocationResolverContext;Lorg/springframework/boot/context/config/ConfigDataLoaderContext;Ljava/util/List;)Ljava/util/Map;+29
j  org.springframework.boot.context.config.ConfigDataEnvironmentContributors.withProcessedImports(Lorg/springframework/boot/context/config/ConfigDataImporter;Lorg/springframework/boot/context/config/ConfigDataActivationContext;)Lorg/springframework/boot/context/config/ConfigDataEnvironmentContributors;+181
j  org.springframework.boot.context.config.ConfigDataEnvironment.processInitial(Lorg/springframework/boot/context/config/ConfigDataEnvironmentContributors;Lorg/springframework/boot/context/config/ConfigDataImporter;)Lorg/springframework/boot/context/config/ConfigDataEnvironmentContributors;+14
j  org.springframework.boot.context.config.ConfigDataEnvironment.processAndApply()V+42
j  org.springframework.boot.context.config.ConfigDataEnvironmentPostProcessor.postProcessEnvironment(Lorg/springframework/core/env/ConfigurableEnvironment;Lorg/springframework/core/io/ResourceLoader;Ljava/util/Collection;)V+34
j  org.springframework.boot.context.config.ConfigDataEnvironmentPostProcessor.postProcessEnvironment(Lorg/springframework/core/env/ConfigurableEnvironment;Lorg/springframework/boot/SpringApplication;)V+10
j  org.springframework.boot.env.EnvironmentPostProcessorApplicationListener.onApplicationEnvironmentPreparedEvent(Lorg/springframework/boot/context/event/ApplicationEnvironmentPreparedEvent;)V+55
j  org.springframework.boot.env.EnvironmentPostProcessorApplicationListener.onApplicationEvent(Lorg/springframework/context/ApplicationEvent;)V+12
j  org.springframework.context.event.SimpleApplicationEventMulticaster.doInvokeListener(Lorg/springframework/context/ApplicationListener;Lorg/springframework/context/ApplicationEvent;)V+2
j  org.springframework.context.event.SimpleApplicationEventMulticaster.invokeListener(Lorg/springframework/context/ApplicationListener;Lorg/springframework/context/ApplicationEvent;)V+34
j  org.springframework.context.event.SimpleApplicationEventMulticaster.multicastEvent(Lorg/springframework/context/ApplicationEvent;Lorg/springframework/core/ResolvableType;)V+83
j  org.springframework.context.event.SimpleApplicationEventMulticaster.multicastEvent(Lorg/springframework/context/ApplicationEvent;)V+7
j  org.springframework.boot.context.event.EventPublishingRunListener.environmentPrepared(Lorg/springframework/boot/ConfigurableBootstrapContext;Lorg/springframework/core/env/ConfigurableEnvironment;)V+21
j  org.springframework.boot.SpringApplicationRunListeners.lambda$environmentPrepared$2(Lorg/springframework/boot/ConfigurableBootstrapContext;Lorg/springframework/core/env/ConfigurableEnvironment;Lorg/springframework/boot/SpringApplicationRunListener;)V+3
j  org.springframework.boot.SpringApplicationRunListeners$$Lambda$153+0x00000008011213a8.accept(Ljava/lang/Object;)V+12
j  java.util.ArrayList.forEach(Ljava/util/function/Consumer;)V+46 java.base@17.0.7
j  org.springframework.boot.SpringApplicationRunListeners.doWithListeners(Ljava/lang/String;Ljava/util/function/Consumer;Ljava/util/function/Consumer;)V+17
j  org.springframework.boot.SpringApplicationRunListeners.doWithListeners(Ljava/lang/String;Ljava/util/function/Consumer;)V+4
j  org.springframework.boot.SpringApplicationRunListeners.environmentPrepared(Lorg/springframework/boot/ConfigurableBootstrapContext;Lorg/springframework/core/env/ConfigurableEnvironment;)V+10
j  org.springframework.boot.SpringApplication.prepareEnvironment(Lorg/springframework/boot/SpringApplicationRunListeners;Lorg/springframework/boot/DefaultBootstrapContext;Lorg/springframework/boot/ApplicationArguments;)Lorg/springframework/core/env/ConfigurableEnvironment;+27
j  org.springframework.boot.SpringApplication.run([Ljava/lang/String;)Lorg/springframework/context/ConfigurableApplicationContext;+52
j  org.springframework.boot.SpringApplication.run([Ljava/lang/Class;[Ljava/lang/String;)Lorg/springframework/context/ConfigurableApplicationContext;+9
j  org.springframework.boot.SpringApplication.run(Ljava/lang/Class;[Ljava/lang/String;)Lorg/springframework/context/ConfigurableApplicationContext;+9
j  pe.edu.upc.simulacrofinal.SimulacroFinalApplication.main([Ljava/lang/String;)V+3
v  ~StubRoutines::call_stub
j  jdk.internal.reflect.NativeMethodAccessorImpl.invoke0(Ljava/lang/reflect/Method;Ljava/lang/Object;[Ljava/lang/Object;)Ljava/lang/Object;+0 java.base@17.0.7
j  jdk.internal.reflect.NativeMethodAccessorImpl.invoke(Ljava/lang/Object;[Ljava/lang/Object;)Ljava/lang/Object;+133 java.base@17.0.7
j  jdk.internal.reflect.DelegatingMethodAccessorImpl.invoke(Ljava/lang/Object;[Ljava/lang/Object;)Ljava/lang/Object;+6 java.base@17.0.7
j  java.lang.reflect.Method.invoke(Ljava/lang/Object;[Ljava/lang/Object;)Ljava/lang/Object;+59 java.base@17.0.7
j  org.springframework.boot.devtools.restart.RestartLauncher.run()V+47
v  ~StubRoutines::call_stub

---------------  P R O C E S S  ---------------

Threads class SMR info:
_java_thread_list=0x00000272639c8cc0, length=17, elements={
0x00000272467f08a0, 0x000002725ec8ded0, 0x0000027263002090, 0x000002726300f1e0,
0x0000027263010cb0, 0x0000027263013a90, 0x000002726301e370, 0x00000272630261f0,
0x0000027263047f10, 0x00000272631228f0, 0x000002725ec76900, 0x00000272633f6c50,
0x00000272634f6760, 0x00000272636589e0, 0x000002726370b830, 0x0000027263989840,
0x00000272639b8020
}

Java Threads: ( => current thread )
  0x00000272467f08a0 JavaThread "main" [_thread_blocked, id=2240, stack(0x0000008608c00000,0x0000008608d00000)]
  0x000002725ec8ded0 JavaThread "Reference Handler" daemon [_thread_blocked, id=11840, stack(0x0000008609300000,0x0000008609400000)]
  0x0000027263002090 JavaThread "Finalizer" daemon [_thread_blocked, id=12704, stack(0x0000008609400000,0x0000008609500000)]
  0x000002726300f1e0 JavaThread "Signal Dispatcher" daemon [_thread_blocked, id=18576, stack(0x0000008609500000,0x0000008609600000)]
  0x0000027263010cb0 JavaThread "Attach Listener" daemon [_thread_blocked, id=8416, stack(0x0000008609600000,0x0000008609700000)]
  0x0000027263013a90 JavaThread "Service Thread" daemon [_thread_blocked, id=16564, stack(0x0000008609700000,0x0000008609800000)]
  0x000002726301e370 JavaThread "Monitor Deflation Thread" daemon [_thread_blocked, id=15808, stack(0x0000008609800000,0x0000008609900000)]
  0x00000272630261f0 JavaThread "C1 CompilerThread0" daemon [_thread_blocked, id=4308, stack(0x0000008609900000,0x0000008609a00000)]
  0x0000027263047f10 JavaThread "Sweeper thread" daemon [_thread_blocked, id=772, stack(0x0000008609a00000,0x0000008609b00000)]
  0x00000272631228f0 JavaThread "Common-Cleaner" daemon [_thread_blocked, id=15188, stack(0x0000008609b00000,0x0000008609c00000)]
  0x000002725ec76900 JavaThread "C1 CompilerThread1" daemon [_thread_blocked, id=16936, stack(0x0000008609c00000,0x0000008609d00000)]
  0x00000272633f6c50 JavaThread "Monitor Ctrl-Break" daemon [_thread_in_native, id=18956, stack(0x0000008609d00000,0x0000008609e00000)]
  0x00000272634f6760 JavaThread "Notification Thread" daemon [_thread_blocked, id=17964, stack(0x0000008609e00000,0x0000008609f00000)]
  0x00000272636589e0 JavaThread "RMI TCP Accept-0" daemon [_thread_in_native, id=14300, stack(0x0000008609f00000,0x000000860a000000)]
  0x000002726370b830 JavaThread "C1 CompilerThread2" daemon [_thread_blocked, id=3180, stack(0x000000860a500000,0x000000860a600000)]
  0x0000027263989840 JavaThread "Thread-0" [_thread_blocked, id=5312, stack(0x000000860a600000,0x000000860a700000)]
=>0x00000272639b8020 JavaThread "restartedMain" [_thread_in_vm, id=12280, stack(0x000000860a700000,0x000000860a800000)]

Other Threads:
  0x000002725ec8a3c0 VMThread "VM Thread" [stack: 0x0000008609200000,0x0000008609300000] [id=15872]
  0x0000027263661ec0 WatcherThread [stack: 0x000000860a000000,0x000000860a100000] [id=2948]
  0x000002724685cde0 GCTaskThread "GC Thread#0" [stack: 0x0000008608d00000,0x0000008608e00000] [id=3604]
  0x00000272636bd410 GCTaskThread "GC Thread#1" [stack: 0x000000860a100000,0x000000860a200000] [id=16712]
  0x00000272636d5380 GCTaskThread "GC Thread#2" [stack: 0x000000860a200000,0x000000860a300000] [id=6680]
  0x00000272636d5630 GCTaskThread "GC Thread#3" [stack: 0x000000860a300000,0x000000860a400000] [id=15712]
  0x000002724686f320 ConcurrentGCThread "G1 Main Marker" [stack: 0x0000008608e00000,0x0000008608f00000] [id=12212]
  0x000002724686fce0 ConcurrentGCThread "G1 Conc#0" [stack: 0x0000008608f00000,0x0000008609000000] [id=9148]
  0x00000272468ac670 ConcurrentGCThread "G1 Refine#0" [stack: 0x0000008609000000,0x0000008609100000] [id=2124]
  0x00000272636ceca0 ConcurrentGCThread "G1 Refine#1" [stack: 0x000000860a400000,0x000000860a500000] [id=11780]
  0x00000272468acfa0 ConcurrentGCThread "G1 Service" [stack: 0x0000008609100000,0x0000008609200000] [id=2996]

Threads with active compile tasks:

VM state: not at safepoint (normal execution)

VM Mutex/Monitor currently owned by a thread:  ([mutex/lock_event])
[0x0000027246592c20] Metaspace_lock - owner thread: 0x00000272639b8020

Heap address: 0x0000000700c00000, size: 4084 MB, Compressed Oops mode: Zero based, Oop shift amount: 3

CDS archive(s) mapped at: [0x0000000800000000-0x0000000800bc0000-0x0000000800bc0000), size 12320768, SharedBaseAddress: 0x0000000800000000, ArchiveRelocationMode: 0.
Compressed class space mapped at: 0x0000000801000000-0x0000000841000000, reserved size: 1073741824
Narrow klass base: 0x0000000800000000, Narrow klass shift: 0, Narrow klass range: 0x100000000

GC Precious Log:
 CPUs: 4 total, 4 available
 Memory: 16333M
 Large Page Support: Disabled
 NUMA Support: Disabled
 Compressed Oops: Enabled (Zero based)
 Heap Region Size: 2M
 Heap Min Capacity: 8M
 Heap Initial Capacity: 256M
 Heap Max Capacity: 4084M
 Pre-touch: Disabled
 Parallel Workers: 4
 Concurrent Workers: 1
 Concurrent Refinement Workers: 4
 Periodic GC: Disabled

Heap:
 garbage-first heap   total 262144K, used 20021K [0x0000000700c00000, 0x0000000800000000)
  region size 2048K, 8 young (16384K), 1 survivors (2048K)
 Metaspace       used 9256K, committed 9472K, reserved 1114112K
  class space    used 1210K, committed 1344K, reserved 1048576K

Heap Regions: E=young(eden), S=young(survivor), O=old, HS=humongous(starts), HC=humongous(continues), CS=collection set, F=free, OA=open archive, CA=closed archive, TAMS=top-at-mark-start (previous, next)
|   0|0x0000000700c00000, 0x0000000700e00000, 0x0000000700e00000|100%| O|  |TAMS 0x0000000700c00000, 0x0000000700c00000| Untracked 
|   1|0x0000000700e00000, 0x0000000701000000, 0x0000000701000000|100%| O|  |TAMS 0x0000000700e00000, 0x0000000700e00000| Untracked 
|   2|0x0000000701000000, 0x0000000701200000, 0x0000000701200000|100%| O|  |TAMS 0x0000000701000000, 0x0000000701000000| Untracked 
|   3|0x0000000701200000, 0x0000000701234800, 0x0000000701400000| 10%| O|  |TAMS 0x0000000701200000, 0x0000000701200000| Untracked 
|   4|0x0000000701400000, 0x0000000701400000, 0x0000000701600000|  0%| F|  |TAMS 0x0000000701400000, 0x0000000701400000| Untracked 
|   5|0x0000000701600000, 0x0000000701600000, 0x0000000701800000|  0%| F|  |TAMS 0x0000000701600000, 0x0000000701600000| Untracked 
|   6|0x0000000701800000, 0x0000000701800000, 0x0000000701a00000|  0%| F|  |TAMS 0x0000000701800000, 0x0000000701800000| Untracked 
|   7|0x0000000701a00000, 0x0000000701a00000, 0x0000000701c00000|  0%| F|  |TAMS 0x0000000701a00000, 0x0000000701a00000| Untracked 
|   8|0x0000000701c00000, 0x0000000701c00000, 0x0000000701e00000|  0%| F|  |TAMS 0x0000000701c00000, 0x0000000701c00000| Untracked 
|   9|0x0000000701e00000, 0x0000000701e00000, 0x0000000702000000|  0%| F|  |TAMS 0x0000000701e00000, 0x0000000701e00000| Untracked 
|  10|0x0000000702000000, 0x0000000702000000, 0x0000000702200000|  0%| F|  |TAMS 0x0000000702000000, 0x0000000702000000| Untracked 
|  11|0x0000000702200000, 0x0000000702200000, 0x0000000702400000|  0%| F|  |TAMS 0x0000000702200000, 0x0000000702200000| Untracked 
|  12|0x0000000702400000, 0x0000000702400000, 0x0000000702600000|  0%| F|  |TAMS 0x0000000702400000, 0x0000000702400000| Untracked 
|  13|0x0000000702600000, 0x0000000702600000, 0x0000000702800000|  0%| F|  |TAMS 0x0000000702600000, 0x0000000702600000| Untracked 
|  14|0x0000000702800000, 0x0000000702800000, 0x0000000702a00000|  0%| F|  |TAMS 0x0000000702800000, 0x0000000702800000| Untracked 
|  15|0x0000000702a00000, 0x0000000702a00000, 0x0000000702c00000|  0%| F|  |TAMS 0x0000000702a00000, 0x0000000702a00000| Untracked 
|  16|0x0000000702c00000, 0x0000000702c00000, 0x0000000702e00000|  0%| F|  |TAMS 0x0000000702c00000, 0x0000000702c00000| Untracked 
|  17|0x0000000702e00000, 0x0000000702e00000, 0x0000000703000000|  0%| F|  |TAMS 0x0000000702e00000, 0x0000000702e00000| Untracked 
|  18|0x0000000703000000, 0x0000000703000000, 0x0000000703200000|  0%| F|  |TAMS 0x0000000703000000, 0x0000000703000000| Untracked 
|  19|0x0000000703200000, 0x0000000703200000, 0x0000000703400000|  0%| F|  |TAMS 0x0000000703200000, 0x0000000703200000| Untracked 
|  20|0x0000000703400000, 0x0000000703400000, 0x0000000703600000|  0%| F|  |TAMS 0x0000000703400000, 0x0000000703400000| Untracked 
|  21|0x0000000703600000, 0x0000000703600000, 0x0000000703800000|  0%| F|  |TAMS 0x0000000703600000, 0x0000000703600000| Untracked 
|  22|0x0000000703800000, 0x0000000703800000, 0x0000000703a00000|  0%| F|  |TAMS 0x0000000703800000, 0x0000000703800000| Untracked 
|  23|0x0000000703a00000, 0x0000000703a00000, 0x0000000703c00000|  0%| F|  |TAMS 0x0000000703a00000, 0x0000000703a00000| Untracked 
|  24|0x0000000703c00000, 0x0000000703c00000, 0x0000000703e00000|  0%| F|  |TAMS 0x0000000703c00000, 0x0000000703c00000| Untracked 
|  25|0x0000000703e00000, 0x0000000703e00000, 0x0000000704000000|  0%| F|  |TAMS 0x0000000703e00000, 0x0000000703e00000| Untracked 
|  26|0x0000000704000000, 0x0000000704000000, 0x0000000704200000|  0%| F|  |TAMS 0x0000000704000000, 0x0000000704000000| Untracked 
|  27|0x0000000704200000, 0x0000000704200000, 0x0000000704400000|  0%| F|  |TAMS 0x0000000704200000, 0x0000000704200000| Untracked 
|  28|0x0000000704400000, 0x0000000704400000, 0x0000000704600000|  0%| F|  |TAMS 0x0000000704400000, 0x0000000704400000| Untracked 
|  29|0x0000000704600000, 0x0000000704600000, 0x0000000704800000|  0%| F|  |TAMS 0x0000000704600000, 0x0000000704600000| Untracked 
|  30|0x0000000704800000, 0x0000000704800000, 0x0000000704a00000|  0%| F|  |TAMS 0x0000000704800000, 0x0000000704800000| Untracked 
|  31|0x0000000704a00000, 0x0000000704a00000, 0x0000000704c00000|  0%| F|  |TAMS 0x0000000704a00000, 0x0000000704a00000| Untracked 
|  32|0x0000000704c00000, 0x0000000704c00000, 0x0000000704e00000|  0%| F|  |TAMS 0x0000000704c00000, 0x0000000704c00000| Untracked 
|  33|0x0000000704e00000, 0x0000000704e00000, 0x0000000705000000|  0%| F|  |TAMS 0x0000000704e00000, 0x0000000704e00000| Untracked 
|  34|0x0000000705000000, 0x0000000705000000, 0x0000000705200000|  0%| F|  |TAMS 0x0000000705000000, 0x0000000705000000| Untracked 
|  35|0x0000000705200000, 0x0000000705200000, 0x0000000705400000|  0%| F|  |TAMS 0x0000000705200000, 0x0000000705200000| Untracked 
|  36|0x0000000705400000, 0x0000000705400000, 0x0000000705600000|  0%| F|  |TAMS 0x0000000705400000, 0x0000000705400000| Untracked 
|  37|0x0000000705600000, 0x0000000705600000, 0x0000000705800000|  0%| F|  |TAMS 0x0000000705600000, 0x0000000705600000| Untracked 
|  38|0x0000000705800000, 0x0000000705800000, 0x0000000705a00000|  0%| F|  |TAMS 0x0000000705800000, 0x0000000705800000| Untracked 
|  39|0x0000000705a00000, 0x0000000705a00000, 0x0000000705c00000|  0%| F|  |TAMS 0x0000000705a00000, 0x0000000705a00000| Untracked 
|  40|0x0000000705c00000, 0x0000000705c00000, 0x0000000705e00000|  0%| F|  |TAMS 0x0000000705c00000, 0x0000000705c00000| Untracked 
|  41|0x0000000705e00000, 0x0000000705e00000, 0x0000000706000000|  0%| F|  |TAMS 0x0000000705e00000, 0x0000000705e00000| Untracked 
|  42|0x0000000706000000, 0x0000000706000000, 0x0000000706200000|  0%| F|  |TAMS 0x0000000706000000, 0x0000000706000000| Untracked 
|  43|0x0000000706200000, 0x0000000706200000, 0x0000000706400000|  0%| F|  |TAMS 0x0000000706200000, 0x0000000706200000| Untracked 
|  44|0x0000000706400000, 0x0000000706400000, 0x0000000706600000|  0%| F|  |TAMS 0x0000000706400000, 0x0000000706400000| Untracked 
|  45|0x0000000706600000, 0x0000000706600000, 0x0000000706800000|  0%| F|  |TAMS 0x0000000706600000, 0x0000000706600000| Untracked 
|  46|0x0000000706800000, 0x0000000706800000, 0x0000000706a00000|  0%| F|  |TAMS 0x0000000706800000, 0x0000000706800000| Untracked 
|  47|0x0000000706a00000, 0x0000000706a00000, 0x0000000706c00000|  0%| F|  |TAMS 0x0000000706a00000, 0x0000000706a00000| Untracked 
|  48|0x0000000706c00000, 0x0000000706c00000, 0x0000000706e00000|  0%| F|  |TAMS 0x0000000706c00000, 0x0000000706c00000| Untracked 
|  49|0x0000000706e00000, 0x0000000706e00000, 0x0000000707000000|  0%| F|  |TAMS 0x0000000706e00000, 0x0000000706e00000| Untracked 
|  50|0x0000000707000000, 0x0000000707000000, 0x0000000707200000|  0%| F|  |TAMS 0x0000000707000000, 0x0000000707000000| Untracked 
|  51|0x0000000707200000, 0x0000000707200000, 0x0000000707400000|  0%| F|  |TAMS 0x0000000707200000, 0x0000000707200000| Untracked 
|  52|0x0000000707400000, 0x0000000707400000, 0x0000000707600000|  0%| F|  |TAMS 0x0000000707400000, 0x0000000707400000| Untracked 
|  53|0x0000000707600000, 0x0000000707600000, 0x0000000707800000|  0%| F|  |TAMS 0x0000000707600000, 0x0000000707600000| Untracked 
|  54|0x0000000707800000, 0x0000000707800000, 0x0000000707a00000|  0%| F|  |TAMS 0x0000000707800000, 0x0000000707800000| Untracked 
|  55|0x0000000707a00000, 0x0000000707a00000, 0x0000000707c00000|  0%| F|  |TAMS 0x0000000707a00000, 0x0000000707a00000| Untracked 
|  56|0x0000000707c00000, 0x0000000707c00000, 0x0000000707e00000|  0%| F|  |TAMS 0x0000000707c00000, 0x0000000707c00000| Untracked 
|  57|0x0000000707e00000, 0x0000000707e00000, 0x0000000708000000|  0%| F|  |TAMS 0x0000000707e00000, 0x0000000707e00000| Untracked 
|  58|0x0000000708000000, 0x0000000708000000, 0x0000000708200000|  0%| F|  |TAMS 0x0000000708000000, 0x0000000708000000| Untracked 
|  59|0x0000000708200000, 0x0000000708200000, 0x0000000708400000|  0%| F|  |TAMS 0x0000000708200000, 0x0000000708200000| Untracked 
|  60|0x0000000708400000, 0x0000000708400000, 0x0000000708600000|  0%| F|  |TAMS 0x0000000708400000, 0x0000000708400000| Untracked 
|  61|0x0000000708600000, 0x0000000708600000, 0x0000000708800000|  0%| F|  |TAMS 0x0000000708600000, 0x0000000708600000| Untracked 
|  62|0x0000000708800000, 0x0000000708800000, 0x0000000708a00000|  0%| F|  |TAMS 0x0000000708800000, 0x0000000708800000| Untracked 
|  63|0x0000000708a00000, 0x0000000708a00000, 0x0000000708c00000|  0%| F|  |TAMS 0x0000000708a00000, 0x0000000708a00000| Untracked 
|  64|0x0000000708c00000, 0x0000000708c00000, 0x0000000708e00000|  0%| F|  |TAMS 0x0000000708c00000, 0x0000000708c00000| Untracked 
|  65|0x0000000708e00000, 0x0000000708e00000, 0x0000000709000000|  0%| F|  |TAMS 0x0000000708e00000, 0x0000000708e00000| Untracked 
|  66|0x0000000709000000, 0x0000000709000000, 0x0000000709200000|  0%| F|  |TAMS 0x0000000709000000, 0x0000000709000000| Untracked 
|  67|0x0000000709200000, 0x0000000709200000, 0x0000000709400000|  0%| F|  |TAMS 0x0000000709200000, 0x0000000709200000| Untracked 
|  68|0x0000000709400000, 0x0000000709400000, 0x0000000709600000|  0%| F|  |TAMS 0x0000000709400000, 0x0000000709400000| Untracked 
|  69|0x0000000709600000, 0x0000000709600000, 0x0000000709800000|  0%| F|  |TAMS 0x0000000709600000, 0x0000000709600000| Untracked 
|  70|0x0000000709800000, 0x0000000709800000, 0x0000000709a00000|  0%| F|  |TAMS 0x0000000709800000, 0x0000000709800000| Untracked 
|  71|0x0000000709a00000, 0x0000000709a00000, 0x0000000709c00000|  0%| F|  |TAMS 0x0000000709a00000, 0x0000000709a00000| Untracked 
|  72|0x0000000709c00000, 0x0000000709c00000, 0x0000000709e00000|  0%| F|  |TAMS 0x0000000709c00000, 0x0000000709c00000| Untracked 
|  73|0x0000000709e00000, 0x0000000709e00000, 0x000000070a000000|  0%| F|  |TAMS 0x0000000709e00000, 0x0000000709e00000| Untracked 
|  74|0x000000070a000000, 0x000000070a000000, 0x000000070a200000|  0%| F|  |TAMS 0x000000070a000000, 0x000000070a000000| Untracked 
|  75|0x000000070a200000, 0x000000070a200000, 0x000000070a400000|  0%| F|  |TAMS 0x000000070a200000, 0x000000070a200000| Untracked 
|  76|0x000000070a400000, 0x000000070a400000, 0x000000070a600000|  0%| F|  |TAMS 0x000000070a400000, 0x000000070a400000| Untracked 
|  77|0x000000070a600000, 0x000000070a600000, 0x000000070a800000|  0%| F|  |TAMS 0x000000070a600000, 0x000000070a600000| Untracked 
|  78|0x000000070a800000, 0x000000070a800000, 0x000000070aa00000|  0%| F|  |TAMS 0x000000070a800000, 0x000000070a800000| Untracked 
|  79|0x000000070aa00000, 0x000000070aa00000, 0x000000070ac00000|  0%| F|  |TAMS 0x000000070aa00000, 0x000000070aa00000| Untracked 
|  80|0x000000070ac00000, 0x000000070ac00000, 0x000000070ae00000|  0%| F|  |TAMS 0x000000070ac00000, 0x000000070ac00000| Untracked 
|  81|0x000000070ae00000, 0x000000070ae00000, 0x000000070b000000|  0%| F|  |TAMS 0x000000070ae00000, 0x000000070ae00000| Untracked 
|  82|0x000000070b000000, 0x000000070b000000, 0x000000070b200000|  0%| F|  |TAMS 0x000000070b000000, 0x000000070b000000| Untracked 
|  83|0x000000070b200000, 0x000000070b200000, 0x000000070b400000|  0%| F|  |TAMS 0x000000070b200000, 0x000000070b200000| Untracked 
|  84|0x000000070b400000, 0x000000070b400000, 0x000000070b600000|  0%| F|  |TAMS 0x000000070b400000, 0x000000070b400000| Untracked 
|  85|0x000000070b600000, 0x000000070b600000, 0x000000070b800000|  0%| F|  |TAMS 0x000000070b600000, 0x000000070b600000| Untracked 
|  86|0x000000070b800000, 0x000000070b800000, 0x000000070ba00000|  0%| F|  |TAMS 0x000000070b800000, 0x000000070b800000| Untracked 
|  87|0x000000070ba00000, 0x000000070ba00000, 0x000000070bc00000|  0%| F|  |TAMS 0x000000070ba00000, 0x000000070ba00000| Untracked 
|  88|0x000000070bc00000, 0x000000070bc00000, 0x000000070be00000|  0%| F|  |TAMS 0x000000070bc00000, 0x000000070bc00000| Untracked 
|  89|0x000000070be00000, 0x000000070be00000, 0x000000070c000000|  0%| F|  |TAMS 0x000000070be00000, 0x000000070be00000| Untracked 
|  90|0x000000070c000000, 0x000000070c000000, 0x000000070c200000|  0%| F|  |TAMS 0x000000070c000000, 0x000000070c000000| Untracked 
|  91|0x000000070c200000, 0x000000070c200000, 0x000000070c400000|  0%| F|  |TAMS 0x000000070c200000, 0x000000070c200000| Untracked 
|  92|0x000000070c400000, 0x000000070c400000, 0x000000070c600000|  0%| F|  |TAMS 0x000000070c400000, 0x000000070c400000| Untracked 
|  93|0x000000070c600000, 0x000000070c600000, 0x000000070c800000|  0%| F|  |TAMS 0x000000070c600000, 0x000000070c600000| Untracked 
|  94|0x000000070c800000, 0x000000070c800000, 0x000000070ca00000|  0%| F|  |TAMS 0x000000070c800000, 0x000000070c800000| Untracked 
|  95|0x000000070ca00000, 0x000000070ca00000, 0x000000070cc00000|  0%| F|  |TAMS 0x000000070ca00000, 0x000000070ca00000| Untracked 
|  96|0x000000070cc00000, 0x000000070cc00000, 0x000000070ce00000|  0%| F|  |TAMS 0x000000070cc00000, 0x000000070cc00000| Untracked 
|  97|0x000000070ce00000, 0x000000070ce00000, 0x000000070d000000|  0%| F|  |TAMS 0x000000070ce00000, 0x000000070ce00000| Untracked 
|  98|0x000000070d000000, 0x000000070d000000, 0x000000070d200000|  0%| F|  |TAMS 0x000000070d000000, 0x000000070d000000| Untracked 
|  99|0x000000070d200000, 0x000000070d200000, 0x000000070d400000|  0%| F|  |TAMS 0x000000070d200000, 0x000000070d200000| Untracked 
| 100|0x000000070d400000, 0x000000070d400000, 0x000000070d600000|  0%| F|  |TAMS 0x000000070d400000, 0x000000070d400000| Untracked 
| 101|0x000000070d600000, 0x000000070d600000, 0x000000070d800000|  0%| F|  |TAMS 0x000000070d600000, 0x000000070d600000| Untracked 
| 102|0x000000070d800000, 0x000000070d800000, 0x000000070da00000|  0%| F|  |TAMS 0x000000070d800000, 0x000000070d800000| Untracked 
| 103|0x000000070da00000, 0x000000070da00000, 0x000000070dc00000|  0%| F|  |TAMS 0x000000070da00000, 0x000000070da00000| Untracked 
| 104|0x000000070dc00000, 0x000000070dc00000, 0x000000070de00000|  0%| F|  |TAMS 0x000000070dc00000, 0x000000070dc00000| Untracked 
| 105|0x000000070de00000, 0x000000070de00000, 0x000000070e000000|  0%| F|  |TAMS 0x000000070de00000, 0x000000070de00000| Untracked 
| 106|0x000000070e000000, 0x000000070e000000, 0x000000070e200000|  0%| F|  |TAMS 0x000000070e000000, 0x000000070e000000| Untracked 
| 107|0x000000070e200000, 0x000000070e200000, 0x000000070e400000|  0%| F|  |TAMS 0x000000070e200000, 0x000000070e200000| Untracked 
| 108|0x000000070e400000, 0x000000070e400000, 0x000000070e600000|  0%| F|  |TAMS 0x000000070e400000, 0x000000070e400000| Untracked 
| 109|0x000000070e600000, 0x000000070e600000, 0x000000070e800000|  0%| F|  |TAMS 0x000000070e600000, 0x000000070e600000| Untracked 
| 110|0x000000070e800000, 0x000000070e800000, 0x000000070ea00000|  0%| F|  |TAMS 0x000000070e800000, 0x000000070e800000| Untracked 
| 111|0x000000070ea00000, 0x000000070ea00000, 0x000000070ec00000|  0%| F|  |TAMS 0x000000070ea00000, 0x000000070ea00000| Untracked 
| 112|0x000000070ec00000, 0x000000070ec00000, 0x000000070ee00000|  0%| F|  |TAMS 0x000000070ec00000, 0x000000070ec00000| Untracked 
| 113|0x000000070ee00000, 0x000000070ee00000, 0x000000070f000000|  0%| F|  |TAMS 0x000000070ee00000, 0x000000070ee00000| Untracked 
| 114|0x000000070f000000, 0x000000070f000000, 0x000000070f200000|  0%| F|  |TAMS 0x000000070f000000, 0x000000070f000000| Untracked 
| 115|0x000000070f200000, 0x000000070f200000, 0x000000070f400000|  0%| F|  |TAMS 0x000000070f200000, 0x000000070f200000| Untracked 
| 116|0x000000070f400000, 0x000000070f400000, 0x000000070f600000|  0%| F|  |TAMS 0x000000070f400000, 0x000000070f400000| Untracked 
| 117|0x000000070f600000, 0x000000070f600000, 0x000000070f800000|  0%| F|  |TAMS 0x000000070f600000, 0x000000070f600000| Untracked 
| 118|0x000000070f800000, 0x000000070f800000, 0x000000070fa00000|  0%| F|  |TAMS 0x000000070f800000, 0x000000070f800000| Untracked 
| 119|0x000000070fa00000, 0x000000070fa00000, 0x000000070fc00000|  0%| F|  |TAMS 0x000000070fa00000, 0x000000070fa00000| Untracked 
| 120|0x000000070fc00000, 0x000000070fc49660, 0x000000070fe00000| 14%| E|  |TAMS 0x000000070fc00000, 0x000000070fc00000| Complete 
| 121|0x000000070fe00000, 0x0000000710000000, 0x0000000710000000|100%| E|CS|TAMS 0x000000070fe00000, 0x000000070fe00000| Complete 
| 122|0x0000000710000000, 0x0000000710158f58, 0x0000000710200000| 67%| S|CS|TAMS 0x0000000710000000, 0x0000000710000000| Complete 
| 123|0x0000000710200000, 0x0000000710400000, 0x0000000710400000|100%| E|CS|TAMS 0x0000000710200000, 0x0000000710200000| Complete 
| 124|0x0000000710400000, 0x0000000710600000, 0x0000000710600000|100%| E|CS|TAMS 0x0000000710400000, 0x0000000710400000| Complete 
| 125|0x0000000710600000, 0x0000000710800000, 0x0000000710800000|100%| E|CS|TAMS 0x0000000710600000, 0x0000000710600000| Complete 
| 126|0x0000000710800000, 0x0000000710a00000, 0x0000000710a00000|100%| E|CS|TAMS 0x0000000710800000, 0x0000000710800000| Complete 
| 127|0x0000000710a00000, 0x0000000710c00000, 0x0000000710c00000|100%| E|CS|TAMS 0x0000000710a00000, 0x0000000710a00000| Complete 

Card table byte_map: [0x0000027253770000,0x0000027253f70000] _byte_map_base: 0x000002724ff6a000

Marking Bits (Prev, Next): (CMBitMap*) 0x000002724685e310, (CMBitMap*) 0x000002724685e350
 Prev Bits: [0x0000027254770000, 0x0000027258740000)
 Next Bits: [0x0000027258740000, 0x000002725c710000)

Polling page: 0x00000272468c0000

Metaspace:

Usage:
  Non-class:      7.86 MB used.
      Class:      1.18 MB used.
       Both:      9.04 MB used.

Virtual space:
  Non-class space:       64.00 MB reserved,       7.94 MB ( 12%) committed,  1 nodes.
      Class space:        1.00 GB reserved,       1.31 MB ( <1%) committed,  1 nodes.
             Both:        1.06 GB reserved,       9.25 MB ( <1%) committed. 

Chunk freelists:
   Non-Class:  7.81 MB
       Class:  14.72 MB
        Both:  22.53 MB

MaxMetaspaceSize: unlimited
CompressedClassSpaceSize: 1.00 GB
Initial GC threshold: 21.00 MB
Current GC threshold: 21.00 MB
CDS: on
MetaspaceReclaimPolicy: balanced
 - commit_granule_bytes: 65536.
 - commit_granule_words: 8192.
 - virtual_space_node_default_size: 8388608.
 - enlarge_chunks_in_place: 1.
 - new_chunks_are_fully_committed: 0.
 - uncommit_free_chunks: 1.
 - use_allocation_guard: 0.
 - handle_deallocations: 1.


Internal statistics:

num_allocs_failed_limit: 0.
num_arena_births: 132.
num_arena_deaths: 0.
num_vsnodes_births: 2.
num_vsnodes_deaths: 0.
num_space_committed: 148.
num_space_uncommitted: 0.
num_chunks_returned_to_freelist: 0.
num_chunks_taken_from_freelist: 322.
num_chunk_merges: 0.
num_chunk_splits: 211.
num_chunks_enlarged: 149.
num_inconsistent_stats: 0.

CodeCache: size=49152Kb used=4548Kb max_used=4548Kb free=44604Kb
 bounds [0x000002724fad0000, 0x000002724ff50000, 0x0000027252ad0000]
 total_blobs=2015 nmethods=1559 adapters=382
 compilation: enabled
              stopped_count=0, restarted_count=0
 full_count=0

Compilation events (20 events):
Event: 1.272 Thread 0x000002725ec76900 1550       1       java.util.concurrent.ConcurrentHashMap$MapEntry::<init> (20 bytes)
Event: 1.272 Thread 0x00000272630261f0 nmethod 1548 0x000002724ff3cd10 code [0x000002724ff3cea0, 0x000002724ff3cf88]
Event: 1.272 Thread 0x000002725ec76900 nmethod 1550 0x000002724ff3d010 code [0x000002724ff3d1a0, 0x000002724ff3d398]
Event: 1.272 Thread 0x000002726370b830 nmethod 1549 0x000002724ff3d410 code [0x000002724ff3d5c0, 0x000002724ff3d978]
Event: 1.273 Thread 0x000002725ec76900 1551       1       java.util.Properties::saveConvert (383 bytes)
Event: 1.274 Thread 0x000002725ec76900 nmethod 1551 0x000002724ff3da90 code [0x000002724ff3dd80, 0x000002724ff3e708]
Event: 1.276 Thread 0x000002725ec76900 1552   !   1       java.io.BufferedReader::read (104 bytes)
Event: 1.276 Thread 0x000002725ec76900 nmethod 1552 0x000002724ff3ed90 code [0x000002724ff3ef60, 0x000002724ff3f318]
Event: 1.277 Thread 0x00000272630261f0 1553       1       org.springframework.boot.env.OriginTrackedPropertiesLoader$CharacterReader::isWhiteSpace (40 bytes)
Event: 1.277 Thread 0x00000272630261f0 nmethod 1553 0x000002724ff3f610 code [0x000002724ff3f7a0, 0x000002724ff3f8b8]
Event: 1.277 Thread 0x000002726370b830 1554       1       org.springframework.boot.env.OriginTrackedPropertiesLoader$CharacterReader::read (85 bytes)
Event: 1.278 Thread 0x000002726370b830 nmethod 1554 0x000002724ff3f910 code [0x000002724ff3fae0, 0x000002724ff3fcd8]
Event: 1.278 Thread 0x000002725ec76900 1555   !   1       java.io.LineNumberReader::read (137 bytes)
Event: 1.278 Thread 0x000002725ec76900 nmethod 1555 0x000002724ff3fe10 code [0x000002724ff3ffc0, 0x000002724ff40298]
Event: 1.278 Thread 0x00000272630261f0 1556       1       org.springframework.boot.env.OriginTrackedPropertiesLoader$CharacterReader::isEndOfFile (14 bytes)
Event: 1.278 Thread 0x00000272630261f0 nmethod 1556 0x000002724ff40410 code [0x000002724ff405a0, 0x000002724ff40678]
Event: 1.278 Thread 0x000002726370b830 1557       1       org.springframework.boot.env.OriginTrackedPropertiesLoader$CharacterReader::isEndOfLine (30 bytes)
Event: 1.278 Thread 0x000002726370b830 nmethod 1557 0x000002724ff40710 code [0x000002724ff408a0, 0x000002724ff409b8]
Event: 1.278 Thread 0x000002726370b830 1558       1       org.springframework.boot.env.OriginTrackedPropertiesLoader$CharacterReader::getCharacter (6 bytes)
Event: 1.278 Thread 0x000002726370b830 nmethod 1558 0x000002724ff40a10 code [0x000002724ff40ba0, 0x000002724ff40c78]

GC Heap History (4 events):
Event: 0.823 GC heap before
{Heap before GC invocations=0 (full 0):
 garbage-first heap   total 262144K, used 10240K [0x0000000700c00000, 0x0000000800000000)
  region size 2048K, 6 young (12288K), 0 survivors (0K)
 Metaspace       used 4763K, committed 4928K, reserved 1114112K
  class space    used 570K, committed 640K, reserved 1048576K
}
Event: 0.828 GC heap after
{Heap after GC invocations=1 (full 0):
 garbage-first heap   total 262144K, used 6743K [0x0000000700c00000, 0x0000000800000000)
  region size 2048K, 1 young (2048K), 1 survivors (2048K)
 Metaspace       used 4763K, committed 4928K, reserved 1114112K
  class space    used 570K, committed 640K, reserved 1048576K
}
Event: 1.038 GC heap before
{Heap before GC invocations=1 (full 0):
 garbage-first heap   total 262144K, used 16983K [0x0000000700c00000, 0x0000000800000000)
  region size 2048K, 6 young (12288K), 1 survivors (2048K)
 Metaspace       used 6853K, committed 7040K, reserved 1114112K
  class space    used 844K, committed 896K, reserved 1048576K
}
Event: 1.041 GC heap after
{Heap after GC invocations=2 (full 0):
 garbage-first heap   total 262144K, used 7733K [0x0000000700c00000, 0x0000000800000000)
  region size 2048K, 1 young (2048K), 1 survivors (2048K)
 Metaspace       used 6853K, committed 7040K, reserved 1114112K
  class space    used 844K, committed 896K, reserved 1048576K
}

Dll operation events (12 events):
Event: 0.028 Loaded shared library C:\Users\diego\.jdks\corretto-17.0.7\bin\java.dll
Event: 0.039 Loaded shared library C:\Users\diego\.jdks\corretto-17.0.7\bin\jsvml.dll
Event: 0.165 Loaded shared library C:\Users\diego\.jdks\corretto-17.0.7\bin\zip.dll
Event: 0.169 Loaded shared library C:\Users\diego\.jdks\corretto-17.0.7\bin\instrument.dll
Event: 0.187 Loaded shared library C:\Users\diego\.jdks\corretto-17.0.7\bin\net.dll
Event: 0.190 Loaded shared library C:\Users\diego\.jdks\corretto-17.0.7\bin\nio.dll
Event: 0.193 Loaded shared library C:\Users\diego\.jdks\corretto-17.0.7\bin\zip.dll
Event: 0.478 Loaded shared library C:\Program Files\JetBrains\IntelliJ IDEA 2023.1.2\bin\breakgen64.dll
Event: 0.498 Loaded shared library C:\Users\diego\.jdks\corretto-17.0.7\bin\jimage.dll
Event: 0.553 Loaded shared library C:\Users\diego\.jdks\corretto-17.0.7\bin\management.dll
Event: 0.564 Loaded shared library C:\Users\diego\.jdks\corretto-17.0.7\bin\management_ext.dll
Event: 0.808 Loaded shared library C:\Users\diego\.jdks\corretto-17.0.7\bin\verify.dll

Deoptimization events (0 events):
No events

Classes unloaded (0 events):
No events

Classes redefined (0 events):
No events

Internal exceptions (20 events):
Event: 0.856 Thread 0x00000272467f08a0 Exception <a 'java/io/FileNotFoundException'{0x0000000710a73a60}> (0x0000000710a73a60) 
thrown [s\src\hotspot\share\prims\jni.cpp, line 516]
Event: 0.934 Thread 0x00000272467f08a0 Exception <a 'java/lang/NoSuchMethodError'{0x00000007109bd5c8}: 'java.lang.Object java.lang.invoke.DirectMethodHandle$Holder.invokeSpecialIFC(java.lang.Object, java.lang.Object, java.lang.Object, java.lang.Object)'> (0x00000007109bd5c8) 
thrown [s\src\hotspot\share\interpreter\linkResolver.cpp, line 759]
Event: 0.947 Thread 0x00000272467f08a0 Exception <a 'java/lang/NoSuchMethodError'{0x000000071066b420}: 'int java.lang.invoke.DirectMethodHandle$Holder.invokeStaticInit(java.lang.Object, java.lang.Object)'> (0x000000071066b420) 
thrown [s\src\hotspot\share\interpreter\linkResolver.cpp, line 759]
Event: 0.987 Thread 0x00000272467f08a0 Exception <a 'java/lang/NoSuchMethodError'{0x0000000710457ca0}: 'int java.lang.invoke.DirectMethodHandle$Holder.invokeStaticInit(java.lang.Object, java.lang.Object, java.lang.Object)'> (0x0000000710457ca0) 
thrown [s\src\hotspot\share\interpreter\linkResolver.cpp, line 759]
Event: 0.993 Thread 0x00000272467f08a0 Exception <a 'java/lang/NoSuchMethodError'{0x00000007104b22d0}: 'java.lang.Object java.lang.invoke.DirectMethodHandle$Holder.newInvokeSpecial(java.lang.Object, java.lang.Object, java.lang.Object, java.lang.Object, java.lang.Object)'> (0x00000007104b22d0) 
thrown [s\src\hotspot\share\interpreter\linkResolver.cpp, line 759]
Event: 0.998 Thread 0x00000272467f08a0 Exception <a 'java/lang/NoSuchMethodError'{0x00000007104f6f70}: 'java.lang.Object java.lang.invoke.DirectMethodHandle$Holder.invokeStaticInit(java.lang.Object, java.lang.Object, java.lang.Object)'> (0x00000007104f6f70) 
thrown [s\src\hotspot\share\interpreter\linkResolver.cpp, line 759]
Event: 1.055 Thread 0x0000027263989840 Exception <a 'java/lang/NoSuchMethodError'{0x0000000710b3bf30}: 'org.slf4j.impl.StaticMDCBinder org.slf4j.impl.StaticMDCBinder.getSingleton()'> (0x0000000710b3bf30) 
thrown [s\src\hotspot\share\interpreter\linkResolver.cpp, line 759]
Event: 1.079 Thread 0x00000272639b8020 Exception <a 'java/lang/NoSuchMethodError'{0x00000007108ae968}: 'java.lang.Object java.lang.invoke.DirectMethodHandle$Holder.invokeInterface(java.lang.Object, java.lang.Object, java.lang.Object)'> (0x00000007108ae968) 
thrown [s\src\hotspot\share\interpreter\linkResolver.cpp, line 759]
Event: 1.079 Thread 0x00000272639b8020 Exception <a 'java/lang/IncompatibleClassChangeError'{0x00000007108b1d88}: Found class java.lang.Object, but interface was expected> (0x00000007108b1d88) 
thrown [s\src\hotspot\share\interpreter\linkResolver.cpp, line 826]
Event: 1.089 Thread 0x00000272639b8020 Exception <a 'sun/nio/fs/WindowsException'{0x0000000710934720}> (0x0000000710934720) 
thrown [s\src\hotspot\share\prims\jni.cpp, line 516]
Event: 1.154 Thread 0x00000272639b8020 Exception <a 'java/lang/NoSuchMethodError'{0x00000007104124f0}: 'void java.lang.invoke.DirectMethodHandle$Holder.invokeStatic(java.lang.Object, java.lang.Object, java.lang.Object, java.lang.Object)'> (0x00000007104124f0) 
thrown [s\src\hotspot\share\interpreter\linkResolver.cpp, line 759]
Event: 1.156 Thread 0x00000272639b8020 Exception <a 'java/lang/NoSuchMethodError'{0x0000000710433ed0}: 'java.lang.Object java.lang.invoke.Invokers$Holder.invokeExact_MT(java.lang.Object, java.lang.Object, java.lang.Object, java.lang.Object, java.lang.Object, java.lang.Object)'> (0x0000000710433ed0) 
thrown [s\src\hotspot\share\interpreter\linkResolver.cpp, line 759]
Event: 1.157 Thread 0x00000272639b8020 Exception <a 'java/lang/NoSuchMethodError'{0x000000071043ed48}: 'void java.lang.invoke.DirectMethodHandle$Holder.invokeStaticInit(java.lang.Object, java.lang.Object, java.lang.Object, java.lang.Object)'> (0x000000071043ed48) 
thrown [s\src\hotspot\share\interpreter\linkResolver.cpp, line 759]
Event: 1.159 Thread 0x00000272639b8020 Exception <a 'java/lang/IncompatibleClassChangeError'{0x0000000710451f28}: Found class java.lang.Object, but interface was expected> (0x0000000710451f28) 
thrown [s\src\hotspot\share\interpreter\linkResolver.cpp, line 826]
Event: 1.180 Thread 0x00000272639b8020 Exception <a 'java/lang/NoSuchMethodError'{0x0000000710579c18}: 'int java.lang.invoke.DirectMethodHandle$Holder.invokeSpecial(java.lang.Object, java.lang.Object, java.lang.Object, java.lang.Object)'> (0x0000000710579c18) 
thrown [s\src\hotspot\share\interpreter\linkResolver.cpp, line 759]
Event: 1.213 Thread 0x00000272639b8020 Exception <a 'java/lang/NoSuchMethodError'{0x00000007103155b0}: 'java.lang.Object java.lang.invoke.DirectMethodHandle$Holder.newInvokeSpecial(java.lang.Object, java.lang.Object, java.lang.Object, java.lang.Object, java.lang.Object, java.lang.Object)'> (0x00000007103155b0) 
thrown [s\src\hotspot\share\interpreter\linkResolver.cpp, line 759]
Event: 1.227 Thread 0x00000272639b8020 Exception <a 'java/lang/NoSuchMethodError'{0x00000007103b9410}: 'java.lang.Object java.lang.invoke.DirectMethodHandle$Holder.invokeSpecial(java.lang.Object, java.lang.Object, java.lang.Object, java.lang.Object, java.lang.Object, java.lang.Object, int)'> (0x00000007103b9410) 
thrown [s\src\hotspot\share\interpreter\linkResolver.cpp, line 759]
Event: 1.228 Thread 0x00000272639b8020 Exception <a 'java/lang/NoSuchMethodError'{0x00000007103c3970}: 'java.lang.Object java.lang.invoke.DirectMethodHandle$Holder.newInvokeSpecial(java.lang.Object, java.lang.Object, java.lang.Object, java.lang.Object, java.lang.Object, java.lang.Object, int)'> (0x00000007103c3970) 
thrown [s\src\hotspot\share\interpreter\linkResolver.cpp, line 759]
Event: 1.228 Thread 0x00000272639b8020 Exception <a 'java/lang/NoSuchMethodError'{0x00000007103c8ac0}: 'java.lang.Object java.lang.invoke.DirectMethodHandle$Holder.invokeSpecial(java.lang.Object, java.lang.Object, java.lang.Object, java.lang.Object, java.lang.Object, java.lang.Object, java.lang.Object, int)'> (0x00000007103c8ac0) 
thrown [s\src\hotspot\share\interpreter\linkResolver.cpp, line 759]
Event: 1.279 Thread 0x00000272639b8020 Exception <a 'java/lang/NoSuchMethodError'{0x000000070fc318f8}: 'int java.lang.invoke.DirectMethodHandle$Holder.invokeVirtual(java.lang.Object, java.lang.Object)'> (0x000000070fc318f8) 
thrown [s\src\hotspot\share\interpreter\linkResolver.cpp, line 759]

VM Operations (16 events):
Event: 0.151 Executing VM operation: HandshakeAllThreads
Event: 0.151 Executing VM operation: HandshakeAllThreads done
Event: 0.506 Executing VM operation: HandshakeAllThreads
Event: 0.522 Executing VM operation: HandshakeAllThreads done
Event: 0.675 Executing VM operation: HandshakeAllThreads
Event: 0.675 Executing VM operation: HandshakeAllThreads done
Event: 0.822 Executing VM operation: G1CollectForAllocation
Event: 0.828 Executing VM operation: G1CollectForAllocation done
Event: 0.927 Executing VM operation: HandshakeAllThreads
Event: 0.927 Executing VM operation: HandshakeAllThreads done
Event: 1.038 Executing VM operation: G1CollectForAllocation
Event: 1.041 Executing VM operation: G1CollectForAllocation done
Event: 1.090 Executing VM operation: HandshakeAllThreads
Event: 1.090 Executing VM operation: HandshakeAllThreads done
Event: 1.273 Executing VM operation: HandshakeAllThreads
Event: 1.273 Executing VM operation: HandshakeAllThreads done

Events (20 events):
Event: 1.266 loading class sun/util/resources/cldr/TimeZoneNames_en
Event: 1.267 loading class sun/util/resources/cldr/TimeZoneNames_en done
Event: 1.267 loading class sun/util/resources/cldr/TimeZoneNames_en_US
Event: 1.267 loading class sun/util/resources/cldr/TimeZoneNames_en_US done
Event: 1.268 loading class sun/util/resources/TimeZoneNames
Event: 1.268 loading class java/net/URLClassLoader$2
Event: 1.268 loading class java/net/URLClassLoader$2 done
Event: 1.268 loading class sun/util/resources/TimeZoneNames done
Event: 1.268 loading class sun/util/resources/TimeZoneNames_en
Event: 1.269 loading class sun/util/resources/TimeZoneNames_en done
Event: 1.273 loading class java/io/LineNumberReader
Event: 1.273 loading class java/io/LineNumberReader done
Event: 1.274 loading class sun/net/ProgressMonitor
Event: 1.274 loading class sun/net/ProgressMonitor done
Event: 1.274 loading class sun/net/DefaultProgressMeteringPolicy
Event: 1.274 loading class sun/net/ProgressMeteringPolicy
Event: 1.274 loading class sun/net/ProgressMeteringPolicy done
Event: 1.274 loading class sun/net/DefaultProgressMeteringPolicy done
Event: 1.274 loading class sun/nio/cs/ISO_8859_1$Decoder
Event: 1.274 loading class sun/nio/cs/ISO_8859_1$Decoder done


Dynamic libraries:
0x00007ff781490000 - 0x00007ff78149d000 	C:\Users\diego\.jdks\corretto-17.0.7\bin\java.exe
0x00007ffc9d910000 - 0x00007ffc9db08000 	C:\WINDOWS\SYSTEM32\ntdll.dll
0x00007ffc9c300000 - 0x00007ffc9c3bf000 	C:\WINDOWS\System32\KERNEL32.DLL
0x00007ffc9b640000 - 0x00007ffc9b936000 	C:\WINDOWS\System32\KERNELBASE.dll
0x00007ffc9b390000 - 0x00007ffc9b490000 	C:\WINDOWS\System32\ucrtbase.dll
0x00007ffc8ef60000 - 0x00007ffc8ef77000 	C:\Users\diego\.jdks\corretto-17.0.7\bin\jli.dll
0x00007ffc9baa0000 - 0x00007ffc9bc3d000 	C:\WINDOWS\System32\USER32.dll
0x00007ffc9b010000 - 0x00007ffc9b032000 	C:\WINDOWS\System32\win32u.dll
0x00007ffc9b940000 - 0x00007ffc9b96c000 	C:\WINDOWS\System32\GDI32.dll
0x00007ffc9b520000 - 0x00007ffc9b635000 	C:\WINDOWS\System32\gdi32full.dll
0x00007ffc9b160000 - 0x00007ffc9b1fd000 	C:\WINDOWS\System32\msvcp_win.dll
0x00007ffc91e00000 - 0x00007ffc91e15000 	C:\Users\diego\.jdks\corretto-17.0.7\bin\VCRUNTIME140.dll
0x00007ffc87290000 - 0x00007ffc8752a000 	C:\WINDOWS\WinSxS\amd64_microsoft.windows.common-controls_6595b64144ccf1df_6.0.19041.1110_none_60b5254171f9507e\COMCTL32.dll
0x00007ffc9c880000 - 0x00007ffc9c91e000 	C:\WINDOWS\System32\msvcrt.dll
0x00007ffc9c5d0000 - 0x00007ffc9c600000 	C:\WINDOWS\System32\IMM32.DLL
0x00007ffc7f540000 - 0x00007ffc7f5db000 	C:\Users\diego\.jdks\corretto-17.0.7\bin\msvcp140.dll
0x00007ffc423d0000 - 0x00007ffc42fea000 	C:\Users\diego\.jdks\corretto-17.0.7\bin\server\jvm.dll
0x00007ffc9c690000 - 0x00007ffc9c73f000 	C:\WINDOWS\System32\ADVAPI32.dll
0x00007ffc9c050000 - 0x00007ffc9c0ec000 	C:\WINDOWS\System32\sechost.dll
0x00007ffc9b970000 - 0x00007ffc9ba96000 	C:\WINDOWS\System32\RPCRT4.dll
0x00007ffc80d00000 - 0x00007ffc80d09000 	C:\WINDOWS\SYSTEM32\WSOCK32.dll
0x00007ffc918e0000 - 0x00007ffc91907000 	C:\WINDOWS\SYSTEM32\WINMM.dll
0x00007ffc9d6c0000 - 0x00007ffc9d72b000 	C:\WINDOWS\System32\WS2_32.dll
0x00007ffc93390000 - 0x00007ffc9339a000 	C:\WINDOWS\SYSTEM32\VERSION.dll
0x00007ffc98e90000 - 0x00007ffc98ea2000 	C:\WINDOWS\SYSTEM32\kernel.appcore.dll
0x00007ffc96c70000 - 0x00007ffc96c7a000 	C:\Users\diego\.jdks\corretto-17.0.7\bin\jimage.dll
0x00007ffc8e410000 - 0x00007ffc8e5f4000 	C:\WINDOWS\SYSTEM32\DBGHELP.DLL
0x00007ffc7f600000 - 0x00007ffc7f634000 	C:\WINDOWS\SYSTEM32\dbgcore.DLL
0x00007ffc9b490000 - 0x00007ffc9b512000 	C:\WINDOWS\System32\bcryptPrimitives.dll
0x00007ffc986b0000 - 0x00007ffc986be000 	C:\Users\diego\.jdks\corretto-17.0.7\bin\instrument.dll
0x00007ffc8c910000 - 0x00007ffc8c935000 	C:\Users\diego\.jdks\corretto-17.0.7\bin\java.dll
0x00007ffc712c0000 - 0x00007ffc71396000 	C:\Users\diego\.jdks\corretto-17.0.7\bin\jsvml.dll
0x00007ffc9ce50000 - 0x00007ffc9d594000 	C:\WINDOWS\System32\SHELL32.dll
0x00007ffc99090000 - 0x00007ffc99823000 	C:\WINDOWS\SYSTEM32\windows.storage.dll
0x00007ffc9bc40000 - 0x00007ffc9bf94000 	C:\WINDOWS\System32\combase.dll
0x00007ffc9aa10000 - 0x00007ffc9aa3e000 	C:\WINDOWS\SYSTEM32\Wldp.dll
0x00007ffc9bfa0000 - 0x00007ffc9c04d000 	C:\WINDOWS\System32\SHCORE.dll
0x00007ffc9cdf0000 - 0x00007ffc9ce45000 	C:\WINDOWS\System32\shlwapi.dll
0x00007ffc9af00000 - 0x00007ffc9af1f000 	C:\WINDOWS\SYSTEM32\profapi.dll
0x00007ffc85b00000 - 0x00007ffc85b18000 	C:\Users\diego\.jdks\corretto-17.0.7\bin\zip.dll
0x00007ffc88390000 - 0x00007ffc883a9000 	C:\Users\diego\.jdks\corretto-17.0.7\bin\net.dll
0x00007ffc94230000 - 0x00007ffc9433a000 	C:\WINDOWS\SYSTEM32\WINHTTP.dll
0x00007ffc9a700000 - 0x00007ffc9a76a000 	C:\WINDOWS\system32\mswsock.dll
0x00007ffc85b40000 - 0x00007ffc85b55000 	C:\Users\diego\.jdks\corretto-17.0.7\bin\nio.dll
0x00007ffc98140000 - 0x00007ffc9815a000 	C:\Program Files\JetBrains\IntelliJ IDEA 2023.1.2\bin\breakgen64.dll
0x00007ffc9a3c0000 - 0x00007ffc9a48a000 	C:\WINDOWS\SYSTEM32\DNSAPI.dll
0x00007ffc9a380000 - 0x00007ffc9a3bc000 	C:\WINDOWS\SYSTEM32\IPHLPAPI.DLL
0x00007ffc9c0f0000 - 0x00007ffc9c0f8000 	C:\WINDOWS\System32\NSI.dll
0x00007ffc84990000 - 0x00007ffc8499a000 	C:\Windows\System32\rasadhlp.dll
0x00007ffc852a0000 - 0x00007ffc85322000 	C:\WINDOWS\System32\fwpuclnt.dll
0x00007ffc9b200000 - 0x00007ffc9b227000 	C:\WINDOWS\System32\bcrypt.dll
0x00007ffc98120000 - 0x00007ffc98129000 	C:\Users\diego\.jdks\corretto-17.0.7\bin\management.dll
0x00007ffc98110000 - 0x00007ffc9811b000 	C:\Users\diego\.jdks\corretto-17.0.7\bin\management_ext.dll
0x00007ffc9d830000 - 0x00007ffc9d838000 	C:\WINDOWS\System32\PSAPI.DLL
0x00007ffc9a960000 - 0x00007ffc9a978000 	C:\WINDOWS\SYSTEM32\CRYPTSP.dll
0x00007ffc99fb0000 - 0x00007ffc99fe4000 	C:\WINDOWS\system32\rsaenh.dll
0x00007ffc9ae80000 - 0x00007ffc9aeae000 	C:\WINDOWS\SYSTEM32\USERENV.dll
0x00007ffc9a980000 - 0x00007ffc9a98c000 	C:\WINDOWS\SYSTEM32\CRYPTBASE.dll
0x00007ffc94500000 - 0x00007ffc94517000 	C:\WINDOWS\SYSTEM32\dhcpcsvc6.DLL
0x00007ffc950f0000 - 0x00007ffc9510d000 	C:\WINDOWS\SYSTEM32\dhcpcsvc.DLL
0x00007ffc60f80000 - 0x00007ffc60f97000 	C:\WINDOWS\system32\napinsp.dll
0x00007ffc60f60000 - 0x00007ffc60f7b000 	C:\WINDOWS\system32\pnrpnsp.dll
0x00007ffc96af0000 - 0x00007ffc96b0d000 	C:\WINDOWS\system32\NLAapi.dll
0x00007ffc60f40000 - 0x00007ffc60f52000 	C:\WINDOWS\System32\winrnr.dll
0x00007ffc6e900000 - 0x00007ffc6e915000 	C:\WINDOWS\system32\wshbth.dll
0x00007ffc86cb0000 - 0x00007ffc86cc0000 	C:\Users\diego\.jdks\corretto-17.0.7\bin\verify.dll

dbghelp: loaded successfully - version: 4.0.5 - missing functions: none
symbol engine: initialized successfully - sym options: 0x614 - pdb path: .;C:\Users\diego\.jdks\corretto-17.0.7\bin;C:\WINDOWS\SYSTEM32;C:\WINDOWS\WinSxS\amd64_microsoft.windows.common-controls_6595b64144ccf1df_6.0.19041.1110_none_60b5254171f9507e;C:\Users\diego\.jdks\corretto-17.0.7\bin\server;C:\Program Files\JetBrains\IntelliJ IDEA 2023.1.2\bin

VM Arguments:
jvm_args: -XX:TieredStopAtLevel=1 -Dspring.output.ansi.enabled=always -Dcom.sun.management.jmxremote -Dspring.jmx.enabled=true -Dspring.liveBeansView.mbeanDomain -Dspring.application.admin.enabled=true -Dmanagement.endpoints.jmx.exposure.include=* -javaagent:C:\Program Files\JetBrains\IntelliJ IDEA 2023.1.2\lib\idea_rt.jar=63517:C:\Program Files\JetBrains\IntelliJ IDEA 2023.1.2\bin -Dfile.encoding=UTF-8 
java_command: pe.edu.upc.simulacrofinal.SimulacroFinalApplication
java_class_path (initial): C:\Users\diego\Desktop\simulacroFinal\target\classes;C:\Users\diego\.m2\repository\org\springframework\boot\spring-boot-starter-data-jpa\2.7.13\spring-boot-starter-data-jpa-2.7.13.jar;C:\Users\diego\.m2\repository\org\springframework\boot\spring-boot-starter-aop\2.7.13\spring-boot-starter-aop-2.7.13.jar;C:\Users\diego\.m2\repository\org\springframework\spring-aop\5.3.28\spring-aop-5.3.28.jar;C:\Users\diego\.m2\repository\org\aspectj\aspectjweaver\1.9.7\aspectjweaver-1.9.7.jar;C:\Users\diego\.m2\repository\org\springframework\boot\spring-boot-starter-jdbc\2.7.13\spring-boot-starter-jdbc-2.7.13.jar;C:\Users\diego\.m2\repository\com\zaxxer\HikariCP\4.0.3\HikariCP-4.0.3.jar;C:\Users\diego\.m2\repository\org\springframework\spring-jdbc\5.3.28\spring-jdbc-5.3.28.jar;C:\Users\diego\.m2\repository\jakarta\transaction\jakarta.transaction-api\1.3.3\jakarta.transaction-api-1.3.3.jar;C:\Users\diego\.m2\repository\jakarta\persistence\jakarta.persistence-api\2.2.3\jakarta.persistence-api-2.2.3.jar;C:\Users\diego\.m2\repository\org\hibernate\hibernate-core\5.6.15.Final\hibernate-core-5.6.15.Final.jar;C:\Users\diego\.m2\repository\org\jboss\logging\jboss-logging\3.4.3.Final\jboss-logging-3.4.3.Final.jar;C:\Users\diego\.m2\repository\net\bytebuddy\byte-buddy\1.12.23\byte-buddy-1.12.23.jar;C:\Users\diego\.m2\repository\antlr\antlr\2.7.7\antlr-2.7.7.jar;C:\Users\diego\.m2\repository\org\jboss\jandex\2.4.2.Final\jandex-2.4.2.Final.jar;C:\Users\diego\.m2\repository\org\hibernate\common\hibernate-commons-annotations\5.1.2.Final\hibernate-commons-annotations-5.1.2.Final.jar;C:\Users\diego\.m2\repository\org\glassfish\jaxb\jaxb-runtime\2.3.8\jaxb-runtime-2.3.8.jar;C:\Users\diego\.m2\repository\org\glassfish\jaxb\txw2\2.3.8\txw2-2.3.8.jar;C:\Users\diego\.m2\repository\com\sun\istack\istack-commons-runtime\3.0.12\istack-commons-runtime-3.0.12.jar;C:\Users\diego\.m2\repository\com\sun\activation\jakarta.activation\1.2.2\jakarta.activation-1.2.2.jar;C:\Users\diego\
Launcher Type: SUN_STANDARD

[Global flags]
     intx CICompilerCount                          = 3                                         {product} {ergonomic}
     uint ConcGCThreads                            = 1                                         {product} {ergonomic}
     uint G1ConcRefinementThreads                  = 4                                         {product} {ergonomic}
   size_t G1HeapRegionSize                         = 2097152                                   {product} {ergonomic}
    uintx GCDrainStackTargetSize                   = 64                                        {product} {ergonomic}
   size_t InitialHeapSize                          = 268435456                                 {product} {ergonomic}
     bool ManagementServer                         = true                                      {product} {command line}
   size_t MarkStackSize                            = 4194304                                   {product} {ergonomic}
   size_t MaxHeapSize                              = 4282384384                                {product} {ergonomic}
   size_t MaxNewSize                               = 2569011200                                {product} {ergonomic}
   size_t MinHeapDeltaBytes                        = 2097152                                   {product} {ergonomic}
   size_t MinHeapSize                              = 8388608                                   {product} {ergonomic}
    uintx NonProfiledCodeHeapSize                  = 0                                      {pd product} {ergonomic}
     bool ProfileInterpreter                       = false                                  {pd product} {command line}
    uintx ProfiledCodeHeapSize                     = 0                                      {pd product} {ergonomic}
   size_t SoftMaxHeapSize                          = 4282384384                             {manageable} {ergonomic}
     intx TieredStopAtLevel                        = 1                                         {product} {command line}
     bool UseCompressedClassPointers               = true                           {product lp64_product} {ergonomic}
     bool UseCompressedOops                        = true                           {product lp64_product} {ergonomic}
     bool UseG1GC                                  = true                                      {product} {ergonomic}
     bool UseLargePagesIndividualAllocation        = false                                  {pd product} {ergonomic}

Logging:
Log output configuration:
 #0: stdout all=warning uptime,level,tags
 #1: stderr all=off uptime,level,tags

Environment Variables:
JAVA_HOME=C:\Program Files\Java\jdk-18.0.2.1
PATH=C:\Program Files\Common Files\Oracle\Java\javapath;C:\Program Files\Java\jdk-17.0.2\bin;C:\ProgramData\Oracle\Java\javapath;C:\WINDOWS\system32;C:\WINDOWS;C:\WINDOWS\System32\Wbem;C:\WINDOWS\System32\WindowsPowerShell\v1.0\;C:\WINDOWS\System32\OpenSSH\;C:\Program Files\NVIDIA Corporation\NVIDIA NvDLISR;C:\Program Files\apache-maven-3.8.5\bin;C:\Program Files\Microsoft SQL Server\150\Tools\Binn\;C:\Program Files\Microsoft SQL Server\Client SDK\ODBC\170\Tools\Binn\;C:\Program Files\nodejs\;C:\Program Files (x86)\Microsoft SQL Server\150\Tools\Binn\;C:\Program Files (x86)\Microsoft SQL Server\150\DTS\Binn\;C:\Program Files\Microsoft SQL Server\150\DTS\Binn\;C:\Program Files (x86)\dotnet\;C:\Program Files\Amazon\AWSCLIV2\;D:\PATRONES FINAL\Git\cmd;C:\Program Files (x86)\NVIDIA Corporation\PhysX\Common;C:\Users\diego\AppData\Local\Programs\Python\Python38-32\Scripts\;C:\Users\diego\AppData\Local\Programs\Python\Python38-32\;C:\Users\diego\AppData\Local\Microsoft\WindowsApps;;C:\Program Files\JetBrains\PyCharm Community Edition 2019.3\bin;;C:\Program Files\heroku\bin;C:\Users\diego\AppData\Roaming\npm;C:\Users\diego\AppData\Local\Programs\Microsoft VS Code\bin;C:\Program Files\Azure Data Studio\bin;C:\Program Files\JetBrains\IntelliJ IDEA 2023.1.2\bin;
USERNAME=diego
OS=Windows_NT
PROCESSOR_IDENTIFIER=Intel64 Family 6 Model 94 Stepping 3, GenuineIntel
TMP=C:\Users\diego\AppData\Local\Temp
TEMP=C:\Users\diego\AppData\Local\Temp



---------------  S Y S T E M  ---------------

OS:
 Windows 10 , 64 bit Build 19041 (10.0.19041.3031)
OS uptime: 1 days 11:14 hours

CPU: total 4 (initial active 4) (4 cores per cpu, 1 threads per core) family 6 model 94 stepping 3 microcode 0xcc, cx8, cmov, fxsr, mmx, 3dnowpref, sse, sse2, sse3, ssse3, sse4.1, sse4.2, popcnt, lzcnt, tsc, tscinvbit, avx, avx2, aes, erms, clmul, bmi1, bmi2, rtm, adx, fma, vzeroupper, clflush, clflushopt

Memory: 4k page, system-wide physical 16333M (6426M free)
TotalPageFile size 18381M (AvailPageFile size 2M)
current process WorkingSet (physical memory assigned to process): 74M, peak: 74M
current process commit charge ("private bytes"): 351M, peak: 351M

vm_info: OpenJDK 64-Bit Server VM (17.0.7+7-LTS) for windows-amd64 JRE (17.0.7+7-LTS), built on Apr 14 2023 01:39:21 by "Administrator" with MS VC++ 15.9 (VS2017)

END.
